<?xml version="1.0" encoding="UTF-8"?>
<!-- Generated by org.testng.reporters.JUnitReportReporter -->
<testsuite skipped="0" hostname="DESKTOP-EUF29Q1" name="com.crm.api.APIRequestTest" tests="5" failures="0" timestamp="2020-04-09T07:53:34 EDT" time="4.005" errors="0">
  <testcase name="test_DELETERequest" time="3.311" classname="com.crm.api.APIRequestTest"/>
  <system-out/>
  <testcase name="test_GETRequest" time="0.427" classname="com.crm.api.APIRequestTest"/>
  <system-out/>
  <testcase name="testDemo" time="0.014" classname="com.crm.api.APIRequestTest"/>
  <system-out/>
  <testcase name="test_POSTRequest" time="0.211" classname="com.crm.api.APIRequestTest"/>
  <system-out/>
  <testcase name="test_PUTRequest" time="0.042" classname="com.crm.api.APIRequestTest"/>
  <system-out/>
</testsuite> <!-- com.crm.api.APIRequestTest -->
